Determining if the pthread_create exist failed with the following output:
Change Dir: /home/mivia/cog2020_group11/build/object_detection_speech/CMakeFiles/CMakeTmp

Run Build Command:"/usr/bin/make" "cmTC_1b3cf/fast"
/usr/bin/make -f CMakeFiles/cmTC_1b3cf.dir/build.make CMakeFiles/cmTC_1b3cf.dir/build
make[1]: Entering directory '/home/mivia/cog2020_group11/build/object_detection_speech/CMakeFiles/CMakeTmp'
Building C object CMakeFiles/cmTC_1b3cf.dir/CheckSymbolExists.c.o
/usr/bin/cc    -o CMakeFiles/cmTC_1b3cf.dir/CheckSymbolExists.c.o   -c /home/mivia/cog2020_group11/build/object_detection_speech/CMakeFiles/CMakeTmp/CheckSymbolExists.c
Linking C executable cmTC_1b3cf
/usr/bin/cmake -E cmake_link_script CMakeFiles/cmTC_1b3cf.dir/link.txt --verbose=1
/usr/bin/cc      -rdynamic CMakeFiles/cmTC_1b3cf.dir/CheckSymbolExists.c.o  -o cmTC_1b3cf 
CMakeFiles/cmTC_1b3cf.dir/CheckSymbolExists.c.o: In function `main':
CheckSymbolExists.c:(.text+0x1b): undefined reference to `pthread_create'
collect2: error: ld returned 1 exit status
CMakeFiles/cmTC_1b3cf.dir/build.make:97: recipe for target 'cmTC_1b3cf' failed
make[1]: *** [cmTC_1b3cf] Error 1
make[1]: Leaving directory '/home/mivia/cog2020_group11/build/object_detection_speech/CMakeFiles/CMakeTmp'
Makefile:126: recipe for target 'cmTC_1b3cf/fast' failed
make: *** [cmTC_1b3cf/fast] Error 2

File /home/mivia/cog2020_group11/build/object_detection_speech/CMakeFiles/CMakeTmp/CheckSymbolExists.c:
/* */
#include <pthread.h>

int main(int argc, char** argv)
{
  (void)argv;
#ifndef pthread_create
  return ((int*)(&pthread_create))[argc];
#else
  (void)argc;
  return 0;
#endif
}

Determining if the function pthread_create exists in the pthreads failed with the following output:
Change Dir: /home/mivia/cog2020_group11/build/object_detection_speech/CMakeFiles/CMakeTmp

Run Build Command:"/usr/bin/make" "cmTC_e5cf2/fast"
/usr/bin/make -f CMakeFiles/cmTC_e5cf2.dir/build.make CMakeFiles/cmTC_e5cf2.dir/build
make[1]: Entering directory '/home/mivia/cog2020_group11/build/object_detection_speech/CMakeFiles/CMakeTmp'
Building C object CMakeFiles/cmTC_e5cf2.dir/CheckFunctionExists.c.o
/usr/bin/cc   -DCHECK_FUNCTION_EXISTS=pthread_create   -o CMakeFiles/cmTC_e5cf2.dir/CheckFunctionExists.c.o   -c /usr/share/cmake-3.10/Modules/CheckFunctionExists.c
Linking C executable cmTC_e5cf2
/usr/bin/cmake -E cmake_link_script CMakeFiles/cmTC_e5cf2.dir/link.txt --verbose=1
/usr/bin/cc  -DCHECK_FUNCTION_EXISTS=pthread_create    -rdynamic CMakeFiles/cmTC_e5cf2.dir/CheckFunctionExists.c.o  -o cmTC_e5cf2 -lpthreads 
/usr/bin/ld: cannot find -lpthreads
collect2: error: ld returned 1 exit status
CMakeFiles/cmTC_e5cf2.dir/build.make:97: recipe for target 'cmTC_e5cf2' failed
make[1]: *** [cmTC_e5cf2] Error 1
make[1]: Leaving directory '/home/mivia/cog2020_group11/build/object_detection_speech/CMakeFiles/CMakeTmp'
Makefile:126: recipe for target 'cmTC_e5cf2/fast' failed
make: *** [cmTC_e5cf2/fast] Error 2


