Determining if the pthread_create exist failed with the following output:
Change Dir: /home/mivia/cog2020_group11/build/pepper_bringup/CMakeFiles/CMakeTmp

Run Build Command:"/usr/bin/make" "cmTC_4fb6c/fast"
/usr/bin/make -f CMakeFiles/cmTC_4fb6c.dir/build.make CMakeFiles/cmTC_4fb6c.dir/build
make[1]: Entering directory '/home/mivia/cog2020_group11/build/pepper_bringup/CMakeFiles/CMakeTmp'
Building C object CMakeFiles/cmTC_4fb6c.dir/CheckSymbolExists.c.o
/usr/bin/cc    -o CMakeFiles/cmTC_4fb6c.dir/CheckSymbolExists.c.o   -c /home/mivia/cog2020_group11/build/pepper_bringup/CMakeFiles/CMakeTmp/CheckSymbolExists.c
Linking C executable cmTC_4fb6c
/usr/bin/cmake -E cmake_link_script CMakeFiles/cmTC_4fb6c.dir/link.txt --verbose=1
/usr/bin/cc      -rdynamic CMakeFiles/cmTC_4fb6c.dir/CheckSymbolExists.c.o  -o cmTC_4fb6c 
CMakeFiles/cmTC_4fb6c.dir/CheckSymbolExists.c.o: In function `main':
CheckSymbolExists.c:(.text+0x1b): undefined reference to `pthread_create'
collect2: error: ld returned 1 exit status
CMakeFiles/cmTC_4fb6c.dir/build.make:97: recipe for target 'cmTC_4fb6c' failed
make[1]: *** [cmTC_4fb6c] Error 1
make[1]: Leaving directory '/home/mivia/cog2020_group11/build/pepper_bringup/CMakeFiles/CMakeTmp'
Makefile:126: recipe for target 'cmTC_4fb6c/fast' failed
make: *** [cmTC_4fb6c/fast] Error 2

File /home/mivia/cog2020_group11/build/pepper_bringup/CMakeFiles/CMakeTmp/CheckSymbolExists.c:
/* */
#include <pthread.h>

int main(int argc, char** argv)
{
  (void)argv;
#ifndef pthread_create
  return ((int*)(&pthread_create))[argc];
#else
  (void)argc;
  return 0;
#endif
}

Determining if the function pthread_create exists in the pthreads failed with the following output:
Change Dir: /home/mivia/cog2020_group11/build/pepper_bringup/CMakeFiles/CMakeTmp

Run Build Command:"/usr/bin/make" "cmTC_51f29/fast"
/usr/bin/make -f CMakeFiles/cmTC_51f29.dir/build.make CMakeFiles/cmTC_51f29.dir/build
make[1]: Entering directory '/home/mivia/cog2020_group11/build/pepper_bringup/CMakeFiles/CMakeTmp'
Building C object CMakeFiles/cmTC_51f29.dir/CheckFunctionExists.c.o
/usr/bin/cc   -DCHECK_FUNCTION_EXISTS=pthread_create   -o CMakeFiles/cmTC_51f29.dir/CheckFunctionExists.c.o   -c /usr/share/cmake-3.10/Modules/CheckFunctionExists.c
Linking C executable cmTC_51f29
/usr/bin/cmake -E cmake_link_script CMakeFiles/cmTC_51f29.dir/link.txt --verbose=1
/usr/bin/cc  -DCHECK_FUNCTION_EXISTS=pthread_create    -rdynamic CMakeFiles/cmTC_51f29.dir/CheckFunctionExists.c.o  -o cmTC_51f29 -lpthreads 
/usr/bin/ld: cannot find -lpthreads
collect2: error: ld returned 1 exit status
CMakeFiles/cmTC_51f29.dir/build.make:97: recipe for target 'cmTC_51f29' failed
make[1]: *** [cmTC_51f29] Error 1
make[1]: Leaving directory '/home/mivia/cog2020_group11/build/pepper_bringup/CMakeFiles/CMakeTmp'
Makefile:126: recipe for target 'cmTC_51f29/fast' failed
make: *** [cmTC_51f29/fast] Error 2


