Determining if the pthread_create exist failed with the following output:
Change Dir: /home/mivia/cog2020_group11/build/naoqi_pose/CMakeFiles/CMakeTmp

Run Build Command:"/usr/bin/make" "cmTC_93271/fast"
/usr/bin/make -f CMakeFiles/cmTC_93271.dir/build.make CMakeFiles/cmTC_93271.dir/build
make[1]: Entering directory '/home/mivia/cog2020_group11/build/naoqi_pose/CMakeFiles/CMakeTmp'
Building C object CMakeFiles/cmTC_93271.dir/CheckSymbolExists.c.o
/usr/bin/cc    -o CMakeFiles/cmTC_93271.dir/CheckSymbolExists.c.o   -c /home/mivia/cog2020_group11/build/naoqi_pose/CMakeFiles/CMakeTmp/CheckSymbolExists.c
Linking C executable cmTC_93271
/usr/bin/cmake -E cmake_link_script CMakeFiles/cmTC_93271.dir/link.txt --verbose=1
/usr/bin/cc      -rdynamic CMakeFiles/cmTC_93271.dir/CheckSymbolExists.c.o  -o cmTC_93271 
CMakeFiles/cmTC_93271.dir/CheckSymbolExists.c.o: In function `main':
CheckSymbolExists.c:(.text+0x1b): undefined reference to `pthread_create'
collect2: error: ld returned 1 exit status
CMakeFiles/cmTC_93271.dir/build.make:97: recipe for target 'cmTC_93271' failed
make[1]: *** [cmTC_93271] Error 1
make[1]: Leaving directory '/home/mivia/cog2020_group11/build/naoqi_pose/CMakeFiles/CMakeTmp'
Makefile:126: recipe for target 'cmTC_93271/fast' failed
make: *** [cmTC_93271/fast] Error 2

File /home/mivia/cog2020_group11/build/naoqi_pose/CMakeFiles/CMakeTmp/CheckSymbolExists.c:
/* */
#include <pthread.h>

int main(int argc, char** argv)
{
  (void)argv;
#ifndef pthread_create
  return ((int*)(&pthread_create))[argc];
#else
  (void)argc;
  return 0;
#endif
}

Determining if the function pthread_create exists in the pthreads failed with the following output:
Change Dir: /home/mivia/cog2020_group11/build/naoqi_pose/CMakeFiles/CMakeTmp

Run Build Command:"/usr/bin/make" "cmTC_4cb91/fast"
/usr/bin/make -f CMakeFiles/cmTC_4cb91.dir/build.make CMakeFiles/cmTC_4cb91.dir/build
make[1]: Entering directory '/home/mivia/cog2020_group11/build/naoqi_pose/CMakeFiles/CMakeTmp'
Building C object CMakeFiles/cmTC_4cb91.dir/CheckFunctionExists.c.o
/usr/bin/cc   -DCHECK_FUNCTION_EXISTS=pthread_create   -o CMakeFiles/cmTC_4cb91.dir/CheckFunctionExists.c.o   -c /usr/share/cmake-3.10/Modules/CheckFunctionExists.c
Linking C executable cmTC_4cb91
/usr/bin/cmake -E cmake_link_script CMakeFiles/cmTC_4cb91.dir/link.txt --verbose=1
/usr/bin/cc  -DCHECK_FUNCTION_EXISTS=pthread_create    -rdynamic CMakeFiles/cmTC_4cb91.dir/CheckFunctionExists.c.o  -o cmTC_4cb91 -lpthreads 
/usr/bin/ld: cannot find -lpthreads
collect2: error: ld returned 1 exit status
CMakeFiles/cmTC_4cb91.dir/build.make:97: recipe for target 'cmTC_4cb91' failed
make[1]: *** [cmTC_4cb91] Error 1
make[1]: Leaving directory '/home/mivia/cog2020_group11/build/naoqi_pose/CMakeFiles/CMakeTmp'
Makefile:126: recipe for target 'cmTC_4cb91/fast' failed
make: *** [cmTC_4cb91/fast] Error 2


