Determining if the pthread_create exist failed with the following output:
Change Dir: /home/mivia/cog2020_group11/build/catkin_tools_prebuild/CMakeFiles/CMakeTmp

Run Build Command:"/usr/bin/make" "cmTC_d75cf/fast"
/usr/bin/make -f CMakeFiles/cmTC_d75cf.dir/build.make CMakeFiles/cmTC_d75cf.dir/build
make[1]: Entering directory '/home/mivia/cog2020_group11/build/catkin_tools_prebuild/CMakeFiles/CMakeTmp'
Building C object CMakeFiles/cmTC_d75cf.dir/CheckSymbolExists.c.o
/usr/bin/cc    -o CMakeFiles/cmTC_d75cf.dir/CheckSymbolExists.c.o   -c /home/mivia/cog2020_group11/build/catkin_tools_prebuild/CMakeFiles/CMakeTmp/CheckSymbolExists.c
Linking C executable cmTC_d75cf
/usr/bin/cmake -E cmake_link_script CMakeFiles/cmTC_d75cf.dir/link.txt --verbose=1
/usr/bin/cc      -rdynamic CMakeFiles/cmTC_d75cf.dir/CheckSymbolExists.c.o  -o cmTC_d75cf 
CMakeFiles/cmTC_d75cf.dir/CheckSymbolExists.c.o: In function `main':
CheckSymbolExists.c:(.text+0x1b): undefined reference to `pthread_create'
collect2: error: ld returned 1 exit status
CMakeFiles/cmTC_d75cf.dir/build.make:97: recipe for target 'cmTC_d75cf' failed
make[1]: *** [cmTC_d75cf] Error 1
make[1]: Leaving directory '/home/mivia/cog2020_group11/build/catkin_tools_prebuild/CMakeFiles/CMakeTmp'
Makefile:126: recipe for target 'cmTC_d75cf/fast' failed
make: *** [cmTC_d75cf/fast] Error 2

File /home/mivia/cog2020_group11/build/catkin_tools_prebuild/CMakeFiles/CMakeTmp/CheckSymbolExists.c:
/* */
#include <pthread.h>

int main(int argc, char** argv)
{
  (void)argv;
#ifndef pthread_create
  return ((int*)(&pthread_create))[argc];
#else
  (void)argc;
  return 0;
#endif
}

Determining if the function pthread_create exists in the pthreads failed with the following output:
Change Dir: /home/mivia/cog2020_group11/build/catkin_tools_prebuild/CMakeFiles/CMakeTmp

Run Build Command:"/usr/bin/make" "cmTC_ecd26/fast"
/usr/bin/make -f CMakeFiles/cmTC_ecd26.dir/build.make CMakeFiles/cmTC_ecd26.dir/build
make[1]: Entering directory '/home/mivia/cog2020_group11/build/catkin_tools_prebuild/CMakeFiles/CMakeTmp'
Building C object CMakeFiles/cmTC_ecd26.dir/CheckFunctionExists.c.o
/usr/bin/cc   -DCHECK_FUNCTION_EXISTS=pthread_create   -o CMakeFiles/cmTC_ecd26.dir/CheckFunctionExists.c.o   -c /usr/share/cmake-3.10/Modules/CheckFunctionExists.c
Linking C executable cmTC_ecd26
/usr/bin/cmake -E cmake_link_script CMakeFiles/cmTC_ecd26.dir/link.txt --verbose=1
/usr/bin/cc  -DCHECK_FUNCTION_EXISTS=pthread_create    -rdynamic CMakeFiles/cmTC_ecd26.dir/CheckFunctionExists.c.o  -o cmTC_ecd26 -lpthreads 
/usr/bin/ld: cannot find -lpthreads
collect2: error: ld returned 1 exit status
CMakeFiles/cmTC_ecd26.dir/build.make:97: recipe for target 'cmTC_ecd26' failed
make[1]: *** [cmTC_ecd26] Error 1
make[1]: Leaving directory '/home/mivia/cog2020_group11/build/catkin_tools_prebuild/CMakeFiles/CMakeTmp'
Makefile:126: recipe for target 'cmTC_ecd26/fast' failed
make: *** [cmTC_ecd26/fast] Error 2


