Not searching for unused variables given on the command line.
[36m--[0m Using CATKIN_DEVEL_PREFIX: /home/mivia/cog2020_group11/devel/.private/naoqi_bridge_msgs
[36m--[0m Using CMAKE_PREFIX_PATH: /home/mivia/cog2020_group11/devel;/opt/ros/melodic
[36m--[0m This workspace overlays: /home/mivia/cog2020_group11/devel;/opt/ros/melodic
[36m--[0m Found PythonInterp: /usr/bin/python2 (found suitable version "2.7.15", minimum required is "2")
[36m--[0m Using PYTHON_EXECUTABLE: /usr/bin/python2
[36m--[0m Using Debian Python package layout
[36m--[0m Using empy: /usr/bin/empy
[36m--[0m Using CATKIN_ENABLE_TESTING: ON
[36m--[0m Call enable_testing()
[36m--[0m Using CATKIN_TEST_RESULTS_DIR: /home/mivia/cog2020_group11/build/naoqi_bridge_msgs/test_results
[36m--[0m Found gmock sources under '/usr/src/googletest': gmock will be built
[36m--[0m Found PythonInterp: /usr/bin/python2 (found version "2.7.15")
[36m--[0m Found gtest sources under '/usr/src/googletest': gtests will be built
[36m--[0m Using Python nosetests: /usr/bin/nosetests-2.7
[36m--[0m catkin 0.7.14
[36m--[0m Using these message generators: gencpp;geneus;genlisp;gennodejs;genpy
[36m--[0m Generating .msg files for action naoqi_bridge_msgs/Blink /home/mivia/cog2020_group11/src/naoqi_bridge_msgs/action/Blink.action
[36m--[0m Generating .msg files for action naoqi_bridge_msgs/BodyPose /home/mivia/cog2020_group11/src/naoqi_bridge_msgs/action/BodyPose.action
[36m--[0m Generating .msg files for action naoqi_bridge_msgs/BodyPoseWithSpeed /home/mivia/cog2020_group11/src/naoqi_bridge_msgs/action/BodyPoseWithSpeed.action
[36m--[0m Generating .msg files for action naoqi_bridge_msgs/FollowPath /home/mivia/cog2020_group11/src/naoqi_bridge_msgs/action/FollowPath.action
[36m--[0m Generating .msg files for action naoqi_bridge_msgs/JointAnglesWithSpeed /home/mivia/cog2020_group11/src/naoqi_bridge_msgs/action/JointAnglesWithSpeed.action
[36m--[0m Generating .msg files for action naoqi_bridge_msgs/JointTrajectory /home/mivia/cog2020_group11/src/naoqi_bridge_msgs/action/JointTrajectory.action
[36m--[0m Generating .msg files for action naoqi_bridge_msgs/RunBehavior /home/mivia/cog2020_group11/src/naoqi_bridge_msgs/action/RunBehavior.action
[36m--[0m Generating .msg files for action naoqi_bridge_msgs/SetSpeechVocabulary /home/mivia/cog2020_group11/src/naoqi_bridge_msgs/action/SetSpeechVocabulary.action
[36m--[0m Generating .msg files for action naoqi_bridge_msgs/SpeechWithFeedback /home/mivia/cog2020_group11/src/naoqi_bridge_msgs/action/SpeechWithFeedback.action
[36m--[0m naoqi_bridge_msgs: 89 messages, 15 services
[36m--[0m Configuring done
[36m--[0m Generating done
[36m--[0m Build files have been written to: /home/mivia/cog2020_group11/build/naoqi_bridge_msgs
