Determining if the pthread_create exist failed with the following output:
Change Dir: /home/mivia/cog2020_group11/build/naoqi_tools/CMakeFiles/CMakeTmp

Run Build Command:"/usr/bin/make" "cmTC_870fd/fast"
/usr/bin/make -f CMakeFiles/cmTC_870fd.dir/build.make CMakeFiles/cmTC_870fd.dir/build
make[1]: Entering directory '/home/mivia/cog2020_group11/build/naoqi_tools/CMakeFiles/CMakeTmp'
Building C object CMakeFiles/cmTC_870fd.dir/CheckSymbolExists.c.o
/usr/bin/cc    -o CMakeFiles/cmTC_870fd.dir/CheckSymbolExists.c.o   -c /home/mivia/cog2020_group11/build/naoqi_tools/CMakeFiles/CMakeTmp/CheckSymbolExists.c
Linking C executable cmTC_870fd
/usr/bin/cmake -E cmake_link_script CMakeFiles/cmTC_870fd.dir/link.txt --verbose=1
/usr/bin/cc      -rdynamic CMakeFiles/cmTC_870fd.dir/CheckSymbolExists.c.o  -o cmTC_870fd 
CMakeFiles/cmTC_870fd.dir/CheckSymbolExists.c.o: In function `main':
CheckSymbolExists.c:(.text+0x1b): undefined reference to `pthread_create'
collect2: error: ld returned 1 exit status
CMakeFiles/cmTC_870fd.dir/build.make:97: recipe for target 'cmTC_870fd' failed
make[1]: *** [cmTC_870fd] Error 1
make[1]: Leaving directory '/home/mivia/cog2020_group11/build/naoqi_tools/CMakeFiles/CMakeTmp'
Makefile:126: recipe for target 'cmTC_870fd/fast' failed
make: *** [cmTC_870fd/fast] Error 2

File /home/mivia/cog2020_group11/build/naoqi_tools/CMakeFiles/CMakeTmp/CheckSymbolExists.c:
/* */
#include <pthread.h>

int main(int argc, char** argv)
{
  (void)argv;
#ifndef pthread_create
  return ((int*)(&pthread_create))[argc];
#else
  (void)argc;
  return 0;
#endif
}

Determining if the function pthread_create exists in the pthreads failed with the following output:
Change Dir: /home/mivia/cog2020_group11/build/naoqi_tools/CMakeFiles/CMakeTmp

Run Build Command:"/usr/bin/make" "cmTC_ff064/fast"
/usr/bin/make -f CMakeFiles/cmTC_ff064.dir/build.make CMakeFiles/cmTC_ff064.dir/build
make[1]: Entering directory '/home/mivia/cog2020_group11/build/naoqi_tools/CMakeFiles/CMakeTmp'
Building C object CMakeFiles/cmTC_ff064.dir/CheckFunctionExists.c.o
/usr/bin/cc   -DCHECK_FUNCTION_EXISTS=pthread_create   -o CMakeFiles/cmTC_ff064.dir/CheckFunctionExists.c.o   -c /usr/share/cmake-3.10/Modules/CheckFunctionExists.c
Linking C executable cmTC_ff064
/usr/bin/cmake -E cmake_link_script CMakeFiles/cmTC_ff064.dir/link.txt --verbose=1
/usr/bin/cc  -DCHECK_FUNCTION_EXISTS=pthread_create    -rdynamic CMakeFiles/cmTC_ff064.dir/CheckFunctionExists.c.o  -o cmTC_ff064 -lpthreads 
/usr/bin/ld: cannot find -lpthreads
collect2: error: ld returned 1 exit status
CMakeFiles/cmTC_ff064.dir/build.make:97: recipe for target 'cmTC_ff064' failed
make[1]: *** [cmTC_ff064] Error 1
make[1]: Leaving directory '/home/mivia/cog2020_group11/build/naoqi_tools/CMakeFiles/CMakeTmp'
Makefile:126: recipe for target 'cmTC_ff064/fast' failed
make: *** [cmTC_ff064/fast] Error 2


