[36m--[0m Using CATKIN_DEVEL_PREFIX: /home/mivia/cog2020_group11/devel/.private/object_detection_speech
[36m--[0m Using CMAKE_PREFIX_PATH: /home/mivia/cog2020_group11/devel;/opt/ros/melodic
[36m--[0m This workspace overlays: /home/mivia/cog2020_group11/devel;/opt/ros/melodic
[36m--[0m Found PythonInterp: /usr/bin/python2 (found suitable version "2.7.15", minimum required is "2")
[36m--[0m Using PYTHON_EXECUTABLE: /usr/bin/python2
[36m--[0m Using Debian Python package layout
[36m--[0m Using empy: /usr/bin/empy
[36m--[0m Using CATKIN_ENABLE_TESTING: ON
[36m--[0m Call enable_testing()
[36m--[0m Using CATKIN_TEST_RESULTS_DIR: /home/mivia/cog2020_group11/build/object_detection_speech/test_results
[36m--[0m Found gmock sources under '/usr/src/googletest': gmock will be built
[36m--[0m Found PythonInterp: /usr/bin/python2 (found version "2.7.15")
[36m--[0m Found gtest sources under '/usr/src/googletest': gtests will be built
[36m--[0m Using Python nosetests: /usr/bin/nosetests-2.7
[36m--[0m catkin 0.7.14
[36m--[0m Using these message generators: gencpp;geneus;genlisp;gennodejs;genpy
[36m--[0m object_detection_speech: 1 messages, 3 services
[31m[1mCMake Error[0m at /opt/ros/melodic/share/catkin/cmake/catkin_package.cmake:196 (message):
  catkin_package() the catkin package 'sensor_msgs' has been
  find_package()-ed but is not listed as a build dependency in the
  package.xml
[36mCall Stack (most recent call first):[0m
  /opt/ros/melodic/share/catkin/cmake/catkin_package.cmake:102 (_catkin_package)
  CMakeLists.txt:107 (catkin_package)


[36m--[0m Configuring incomplete, errors occurred!
See also "/home/mivia/cog2020_group11/build/object_detection_speech/CMakeFiles/CMakeOutput.log".
See also "/home/mivia/cog2020_group11/build/object_detection_speech/CMakeFiles/CMakeError.log".
Makefile:600: recipe for target 'cmake_check_build_system' failed
make: *** [cmake_check_build_system] Error 1
