[  0%] Built target _object_detection_speech_generate_messages_check_deps_Say
[  0%] Built target std_msgs_generate_messages_py
[  0%] Built target sensor_msgs_generate_messages_py
[  0%] Built target _object_detection_speech_generate_messages_check_deps_capture_ended
[  0%] Built target _object_detection_speech_generate_messages_check_deps_Capture
[  0%] Built target sensor_msgs_generate_messages_cpp
[  0%] Built target _object_detection_speech_generate_messages_check_deps_ImagePos
[  0%] Built target std_msgs_generate_messages_cpp
[  0%] Built target std_msgs_generate_messages_eus
[  0%] Built target sensor_msgs_generate_messages_eus
[  0%] Built target std_msgs_generate_messages_lisp
[  0%] Built target sensor_msgs_generate_messages_lisp
[  0%] Built target sensor_msgs_generate_messages_nodejs
[  0%] Built target std_msgs_generate_messages_nodejs
[ 26%] Built target object_detection_speech_generate_messages_py
[ 43%] Built target object_detection_speech_generate_messages_cpp
[ 65%] Built target object_detection_speech_generate_messages_eus
[ 82%] Built target object_detection_speech_generate_messages_lisp
[100%] Built target object_detection_speech_generate_messages_nodejs
[100%] Built target object_detection_speech_generate_messages
