Symlinking /home/mivia/cog2020_group11/devel/lib/python2.7/dist-packages/object_detection_speech/__init__.py
Symlinking /home/mivia/cog2020_group11/devel/lib/python2.7/dist-packages/object_detection_speech/srv/_capture_ended.py
Symlinking /home/mivia/cog2020_group11/devel/lib/python2.7/dist-packages/object_detection_speech/srv/_Say.py
Symlinking /home/mivia/cog2020_group11/devel/lib/python2.7/dist-packages/object_detection_speech/srv/__init__.py
Symlinking /home/mivia/cog2020_group11/devel/lib/python2.7/dist-packages/object_detection_speech/srv/_Capture.py
Symlinking /home/mivia/cog2020_group11/devel/lib/pkgconfig/object_detection_speech.pc
Symlinking /home/mivia/cog2020_group11/devel/include/object_detection_speech/CaptureRequest.h
Symlinking /home/mivia/cog2020_group11/devel/include/object_detection_speech/capture_ended.h
Symlinking /home/mivia/cog2020_group11/devel/include/object_detection_speech/capture_endedRequest.h
Symlinking /home/mivia/cog2020_group11/devel/include/object_detection_speech/SayRequest.h
Symlinking /home/mivia/cog2020_group11/devel/include/object_detection_speech/capture_endedResponse.h
Symlinking /home/mivia/cog2020_group11/devel/include/object_detection_speech/Capture.h
Symlinking /home/mivia/cog2020_group11/devel/include/object_detection_speech/CaptureResponse.h
Symlinking /home/mivia/cog2020_group11/devel/include/object_detection_speech/Say.h
Symlinking /home/mivia/cog2020_group11/devel/include/object_detection_speech/SayResponse.h
Symlinking /home/mivia/cog2020_group11/devel/share/gennodejs/ros/object_detection_speech/_index.js
Symlinking /home/mivia/cog2020_group11/devel/share/gennodejs/ros/object_detection_speech/srv/capture_ended.js
Symlinking /home/mivia/cog2020_group11/devel/share/gennodejs/ros/object_detection_speech/srv/_index.js
Symlinking /home/mivia/cog2020_group11/devel/share/gennodejs/ros/object_detection_speech/srv/Capture.js
Symlinking /home/mivia/cog2020_group11/devel/share/gennodejs/ros/object_detection_speech/srv/Say.js
Symlinking /home/mivia/cog2020_group11/devel/share/common-lisp/ros/object_detection_speech/srv/_package_capture_ended.lisp
Symlinking /home/mivia/cog2020_group11/devel/share/common-lisp/ros/object_detection_speech/srv/Say.lisp
Symlinking /home/mivia/cog2020_group11/devel/share/common-lisp/ros/object_detection_speech/srv/capture_ended.lisp
Symlinking /home/mivia/cog2020_group11/devel/share/common-lisp/ros/object_detection_speech/srv/_package_Capture.lisp
Symlinking /home/mivia/cog2020_group11/devel/share/common-lisp/ros/object_detection_speech/srv/_package_Say.lisp
Symlinking /home/mivia/cog2020_group11/devel/share/common-lisp/ros/object_detection_speech/srv/object_detection_speech-srv.asd
Symlinking /home/mivia/cog2020_group11/devel/share/common-lisp/ros/object_detection_speech/srv/Capture.lisp
Symlinking /home/mivia/cog2020_group11/devel/share/common-lisp/ros/object_detection_speech/srv/_package.lisp
Symlinking /home/mivia/cog2020_group11/devel/share/object_detection_speech/cmake/object_detection_speech-msg-extras.cmake
Symlinking /home/mivia/cog2020_group11/devel/share/object_detection_speech/cmake/object_detection_speechConfig-version.cmake
Symlinking /home/mivia/cog2020_group11/devel/share/object_detection_speech/cmake/object_detection_speech-msg-paths.cmake
Symlinking /home/mivia/cog2020_group11/devel/share/object_detection_speech/cmake/object_detection_speechConfig.cmake
Symlinking /home/mivia/cog2020_group11/devel/share/roseus/ros/object_detection_speech/manifest.l
Symlinking /home/mivia/cog2020_group11/devel/share/roseus/ros/object_detection_speech/srv/Say.l
Symlinking /home/mivia/cog2020_group11/devel/share/roseus/ros/object_detection_speech/srv/capture_ended.l
Symlinking /home/mivia/cog2020_group11/devel/share/roseus/ros/object_detection_speech/srv/Capture.l
