Determining if the pthread_create exist failed with the following output:
Change Dir: /home/mivia/cog2020_group11/build/naoqi_navigation/CMakeFiles/CMakeTmp

Run Build Command:"/usr/bin/make" "cmTC_ca437/fast"
/usr/bin/make -f CMakeFiles/cmTC_ca437.dir/build.make CMakeFiles/cmTC_ca437.dir/build
make[1]: Entering directory '/home/mivia/cog2020_group11/build/naoqi_navigation/CMakeFiles/CMakeTmp'
Building C object CMakeFiles/cmTC_ca437.dir/CheckSymbolExists.c.o
/usr/bin/cc    -o CMakeFiles/cmTC_ca437.dir/CheckSymbolExists.c.o   -c /home/mivia/cog2020_group11/build/naoqi_navigation/CMakeFiles/CMakeTmp/CheckSymbolExists.c
Linking C executable cmTC_ca437
/usr/bin/cmake -E cmake_link_script CMakeFiles/cmTC_ca437.dir/link.txt --verbose=1
/usr/bin/cc      -rdynamic CMakeFiles/cmTC_ca437.dir/CheckSymbolExists.c.o  -o cmTC_ca437 
CMakeFiles/cmTC_ca437.dir/CheckSymbolExists.c.o: In function `main':
CheckSymbolExists.c:(.text+0x1b): undefined reference to `pthread_create'
collect2: error: ld returned 1 exit status
CMakeFiles/cmTC_ca437.dir/build.make:97: recipe for target 'cmTC_ca437' failed
make[1]: *** [cmTC_ca437] Error 1
make[1]: Leaving directory '/home/mivia/cog2020_group11/build/naoqi_navigation/CMakeFiles/CMakeTmp'
Makefile:126: recipe for target 'cmTC_ca437/fast' failed
make: *** [cmTC_ca437/fast] Error 2

File /home/mivia/cog2020_group11/build/naoqi_navigation/CMakeFiles/CMakeTmp/CheckSymbolExists.c:
/* */
#include <pthread.h>

int main(int argc, char** argv)
{
  (void)argv;
#ifndef pthread_create
  return ((int*)(&pthread_create))[argc];
#else
  (void)argc;
  return 0;
#endif
}

Determining if the function pthread_create exists in the pthreads failed with the following output:
Change Dir: /home/mivia/cog2020_group11/build/naoqi_navigation/CMakeFiles/CMakeTmp

Run Build Command:"/usr/bin/make" "cmTC_ae99b/fast"
/usr/bin/make -f CMakeFiles/cmTC_ae99b.dir/build.make CMakeFiles/cmTC_ae99b.dir/build
make[1]: Entering directory '/home/mivia/cog2020_group11/build/naoqi_navigation/CMakeFiles/CMakeTmp'
Building C object CMakeFiles/cmTC_ae99b.dir/CheckFunctionExists.c.o
/usr/bin/cc   -DCHECK_FUNCTION_EXISTS=pthread_create   -o CMakeFiles/cmTC_ae99b.dir/CheckFunctionExists.c.o   -c /usr/share/cmake-3.10/Modules/CheckFunctionExists.c
Linking C executable cmTC_ae99b
/usr/bin/cmake -E cmake_link_script CMakeFiles/cmTC_ae99b.dir/link.txt --verbose=1
/usr/bin/cc  -DCHECK_FUNCTION_EXISTS=pthread_create    -rdynamic CMakeFiles/cmTC_ae99b.dir/CheckFunctionExists.c.o  -o cmTC_ae99b -lpthreads 
/usr/bin/ld: cannot find -lpthreads
collect2: error: ld returned 1 exit status
CMakeFiles/cmTC_ae99b.dir/build.make:97: recipe for target 'cmTC_ae99b' failed
make[1]: *** [cmTC_ae99b] Error 1
make[1]: Leaving directory '/home/mivia/cog2020_group11/build/naoqi_navigation/CMakeFiles/CMakeTmp'
Makefile:126: recipe for target 'cmTC_ae99b/fast' failed
make: *** [cmTC_ae99b/fast] Error 2


